   ▲ Next.js 15.1.6
   - Local:        http://localhost:3006
   - Network:      http://169.254.0.21:3006
   - Environments: .env.local

 ✓ Starting...
 ✓ Ready in 1785ms
 ○ Compiling / ...
 ✓ Compiled / in 3.7s (769 modules)
 GET / 200 in 4612ms
 ✓ Compiled in 911ms (320 modules)
 ○ Compiling /members ...
 ✓ Compiled /members in 842ms (768 modules)
 GET /members 200 in 941ms
 ○ Compiling /dashboard ...
 ✓ Compiled /dashboard in 565ms (775 modules)
 GET /dashboard 200 in 686ms
 ○ Compiling /revenue ...
 ✓ Compiled /revenue in  ✓ Compiled in 526ms (322 modules)
 ✓ Compiled in 310ms (322 modules)
 ✓ Compiled in 434ms (322 modules)
 ✓ Compiled in 215ms (322 modules)
 ✓ Compiled in 710ms (773 modules)
 ✓ Compiled in 217ms (322 modules)
 ✓ Compiled in 739ms (773 modules)
<w> [webpack.cache.PackFileCacheStrategy] Caching failed for pack: Error: ENOENT: no such file or directory, rename '/home/user/gym-match-po-admin/.next/cache/webpack/client-development/16.pack.gz_' -> '/home/user/gym-match-po-admin/.next/cache/webpack/client-development/16.pack.gz'
 ✓ Compiled in 933ms (773 modules)
 ✓ Compiled in 280ms (322 modules)
 ✓ Compiled in 508ms (773 modules)
 ✓ Compiled in 617ms (773 modules)
<w> [webpack.cache.PackFileCacheStrategy] Caching failed for pack: Error: ENOENT: no such file or directory, rename '/home/user/gym-match-po-admin/.next/cache/webpack/server-development/13.pack.gz_' -> '/home/user/gym-match-po-admin/.next/cache/webpack/server-development/13.pack.gz'
 ✓ Compiled in 428ms (322 modules)
 ✓ Compiled in 723ms (773 modules)
 ✓ Compiled in 537ms (773 modules)
 ✓ Compiled in 905ms (322 modules)
 ✓ Compiled in 260ms (322 modules)
 ✓ Compiled in 216ms (322 modules)
 ✓ Compiled in 375ms (322 modules)
 ✓ Compiled in 300ms (322 modules)
 ✓ Compiled in 504ms (322 modules)
 ✓ Compiled in 293ms (322 modules)
 ✓ Compiled in 552ms (322 modules)
 ✓ Compiled in 224ms (322 modules)
 ✓ Compiled in 258ms (322 modules)
 ✓ Compiled in 182ms (322 modules)
 ✓ Compiled in 329ms (322 modules)
 ✓ Compiled in 252ms (322 modules)
 ✓ Compiled in 349ms (322 modules)
 ✓ Compiled in 569ms (322 modules)
 ✓ Compiled in 448ms (322 modules)
 ✓ Compiled in 937ms (773 modules)
 ✓ Compiled in 250ms (322 modules)
 ✓ Compiled in 206ms (322 modules)
 ✓ Compiled in 240ms (322 modules)
 ✓ Compiled in 302ms (322 modules)
 ✓ Compiled in 347ms (322 modules)
 ✓ Compiled in 555ms (759 modules)
 ✓ Compiled in 221ms (322 modules)
[Error: ENOENT: no such file or directory, stat '/home/user/gym-match-po-admin/.next/cache/webpack/client-development/4.pack.gz'] {
  errno: -2,
  code: 'ENOENT',
  syscall: 'stat',
  path: '/home/user/gym-match-po-admin/.next/cache/webpack/client-development/4.pack.gz'
}
 ⨯ unhandledRejection: [Error: ENOENT: no such file or directory, stat '/home/user/gym-match-po-admin/.next/cache/webpack/client-development/4.pack.gz'] {
  errno: -2,
  code: 'ENOENT',
  syscall: 'stat',
  path: '/home/user/gym-match-po-admin/.next/cache/webpack/client-development/4.pack.gz'
}
 ⨯ unhandledRejection:  [Error: ENOENT: no such file or directory, stat '/home/user/gym-match-po-admin/.next/cache/webpack/client-development/4.pack.gz'] {
  errno: -2,
  code: 'ENOENT',
  syscall: 'stat',
  path: '/home/user/gym-match-po-admin/.next/cache/webpack/client-development/4.pack.gz'
}
<w> [webpack.cache.PackFileCacheStrategy] Caching failed for pack: Error: ENOENT: no such file or directory, stat '/home/user/gym-match-po-admin/.next/cache/webpack/client-development/4.pack.gz'
 ✓ Compiled in 462ms (322 modules)
 ✓ Compiled in 369ms (322 modules)
 ✓ Compiled in 835ms (773 modules)
 ✓ Compiled in 276ms (322 modules)
 ✓ Compiled in 222ms (322 modules)
 ✓ Compiled in 928ms (773 modules)
 ✓ Compiled in 619ms (773 modules)
 ✓ Compiled in 1621ms (773 modules)
 ✓ Compiled in 640ms (773 modules)
 ✓ Compiled in 308ms (322 modules)
 ✓ Compiled in 373ms (322 modules)
 ✓ Compiled in 485ms (322 modules)
 ✓ Compiled in 731ms (322 modules)
 ✓ Compiled in 627ms (322 modules)
 ✓ Compiled in 316ms (322 modules)
 ✓ Compiled in 741ms (322 modules)
 ✓ Compiled in 445ms (322 modules)
